D:\MPI_CUDA_OPENMP\MPI_CUDA_OPENMP\x64\Debug\cl.command.1.tlog
D:\MPI_CUDA_OPENMP\MPI_CUDA_OPENMP\x64\Debug\CL.read.1.tlog
D:\MPI_CUDA_OPENMP\MPI_CUDA_OPENMP\x64\Debug\CL.write.1.tlog
D:\MPI_CUDA_OPENMP\MPI_CUDA_OPENMP\x64\Debug\kernel.cu.cache
D:\MPI_CUDA_OPENMP\MPI_CUDA_OPENMP\x64\Debug\kernel.cu.obj
D:\MPI_CUDA_OPENMP\MPI_CUDA_OPENMP\x64\Debug\link.4352.read.1.tlog
D:\MPI_CUDA_OPENMP\MPI_CUDA_OPENMP\x64\Debug\link.4352.write.1.tlog
D:\MPI_CUDA_OPENMP\MPI_CUDA_OPENMP\x64\Debug\link.4352-cvtres.read.1.tlog
D:\MPI_CUDA_OPENMP\MPI_CUDA_OPENMP\x64\Debug\link.4352-cvtres.write.1.tlog
D:\MPI_CUDA_OPENMP\MPI_CUDA_OPENMP\x64\Debug\link.command.1.tlog
D:\MPI_CUDA_OPENMP\MPI_CUDA_OPENMP\x64\Debug\link.read.1.tlog
D:\MPI_CUDA_OPENMP\MPI_CUDA_OPENMP\x64\Debug\link.write.1.tlog
D:\MPI_CUDA_OPENMP\MPI_CUDA_OPENMP\x64\Debug\link-cvtres.read.1.tlog
D:\MPI_CUDA_OPENMP\MPI_CUDA_OPENMP\x64\Debug\link-cvtres.write.1.tlog
D:\MPI_CUDA_OPENMP\MPI_CUDA_OPENMP\X64\DEBUG\MAIN.OBJ
D:\MPI_CUDA_OPENMP\MPI_CUDA_OPENMP\X64\DEBUG\MPI_CUDA_OPENMP.EXE.EMBED.MANIFEST
D:\MPI_CUDA_OPENMP\MPI_CUDA_OPENMP\X64\DEBUG\MPI_CUDA_OPENMP.EXE.EMBED.MANIFEST.RES
D:\MPI_CUDA_OPENMP\MPI_CUDA_OPENMP\X64\DEBUG\MPI_CUDA_OPENMP.EXE.INTERMEDIATE.MANIFEST
D:\MPI_CUDA_OPENMP\MPI_CUDA_OPENMP\x64\Debug\MPI_CUDA_OPENMP.write.1.tlog
D:\MPI_CUDA_OPENMP\MPI_CUDA_OPENMP\x64\Debug\MPI_CUDA_OPENMP_manifest.rc
D:\MPI_CUDA_OPENMP\MPI_CUDA_OPENMP\x64\Debug\mt.command.1.tlog
D:\MPI_CUDA_OPENMP\MPI_CUDA_OPENMP\x64\Debug\mt.read.1.tlog
D:\MPI_CUDA_OPENMP\MPI_CUDA_OPENMP\x64\Debug\mt.write.1.tlog
D:\MPI_CUDA_OPENMP\MPI_CUDA_OPENMP\x64\Debug\rc.command.1.tlog
D:\MPI_CUDA_OPENMP\MPI_CUDA_OPENMP\x64\Debug\rc.read.1.tlog
D:\MPI_CUDA_OPENMP\MPI_CUDA_OPENMP\x64\Debug\rc.write.1.tlog
D:\MPI_CUDA_OPENMP\MPI_CUDA_OPENMP\x64\Debug\vc100.idb
D:\MPI_CUDA_OPENMP\MPI_CUDA_OPENMP\X64\DEBUG\VC100.PDB
D:\MPI_CUDA_OPENMP\X64\DEBUG\MPI_CUDA_OPENMP.EXE
D:\MPI_CUDA_OPENMP\X64\DEBUG\MPI_CUDA_OPENMP.ILK
D:\MPI_CUDA_OPENMP\X64\DEBUG\MPI_CUDA_OPENMP.PDB
