Build started 04/05/2015 12:39:25.
     1>Project "D:\MPI_CUDA_OPENMP\MPI_CUDA_OPENMP\MPI_CUDA_OPENMP.vcxproj" on node 2 (rebuild target(s)).
     1>_PrepareForClean:
         Deleting file "x64\Debug\MPI_CUDA_OPENMP.lastbuildstate".
       CudaClean:
         cmd.exe /C "C:\Users\afeka\AppData\Local\Temp\tmpf08ab780724949e5b4065907a07a6989.cmd"
         "C:\Program Files\NVIDIA GPU Computing Toolkit\CUDA\v5.5\bin\nvcc.exe" -ccbin "C:\Program Files (x86)\Microsoft Visual Studio 10.0\VC\bin\x86_amd64"  -I"C:\Program Files\MPICH2\include" -I"C:\Program Files\NVIDIA GPU Computing Toolkit\CUDA\v5.5\include" -I"C:\Program Files\NVIDIA GPU Computing Toolkit\CUDA\v5.5\include"  -G   --keep-dir x64\Debug -maxrregcount=0  --machine 64 --compile  -g   -DWIN64 -D_DEBUG -D_CONSOLE -D_MBCS -Xcompiler "/EHsc /W3 /nologo /Od /Zi /RTC1 /MDd  " -o x64\Debug\kernel.cu.obj "D:\MPI_CUDA_OPENMP\MPI_CUDA_OPENMP\kernel.cu" -clean
         
         D:\MPI_CUDA_OPENMP\MPI_CUDA_OPENMP>"C:\Program Files\NVIDIA GPU Computing Toolkit\CUDA\v5.5\bin\nvcc.exe" -ccbin "C:\Program Files (x86)\Microsoft Visual Studio 10.0\VC\bin\x86_amd64"  -I"C:\Program Files\MPICH2\include" -I"C:\Program Files\NVIDIA GPU Computing Toolkit\CUDA\v5.5\include" -I"C:\Program Files\NVIDIA GPU Computing Toolkit\CUDA\v5.5\include"  -G   --keep-dir x64\Debug -maxrregcount=0  --machine 64 --compile  -g   -DWIN64 -D_DEBUG -D_CONSOLE -D_MBCS -Xcompiler "/EHsc /W3 /nologo /Od /Zi /RTC1 /MDd  " -o x64\Debug\kernel.cu.obj "D:\MPI_CUDA_OPENMP\MPI_CUDA_OPENMP\kernel.cu" -clean 
         Deleting file "x64\Debug\kernel.cu.deps".
       InitializeBuildStatus:
         Creating "x64\Debug\MPI_CUDA_OPENMP.unsuccessfulbuild" because "AlwaysCreate" was specified.
       AddCudaCompileDeps:
         C:\Program Files (x86)\Microsoft Visual Studio 10.0\VC\bin\x86_amd64\cl.exe /E /nologo /showIncludes /TP /D__CUDACC__ /DWIN64 /D_DEBUG /D_CONSOLE /D_MBCS /I"C:\Program Files\MPICH2\include" /I"C:\Program Files\NVIDIA GPU Computing Toolkit\CUDA\v5.5\include" /I"C:\Program Files\NVIDIA GPU Computing Toolkit\CUDA\v5.5\bin" /I"C:\Program Files\NVIDIA GPU Computing Toolkit\CUDA\v5.5\include" /I. /FIcuda_runtime.h /c D:\MPI_CUDA_OPENMP\MPI_CUDA_OPENMP\kernel.cu 
       CudaBuild:
         Compiling CUDA source file kernel.cu...
         cmd.exe /C "C:\Users\afeka\AppData\Local\Temp\tmpa48556febb324dcd90683e86368ffc6c.cmd"
         "C:\Program Files\NVIDIA GPU Computing Toolkit\CUDA\v5.5\bin\nvcc.exe" -gencode=arch=compute_10,code=\"sm_10,compute_10\" --use-local-env --cl-version 2010 -ccbin "C:\Program Files (x86)\Microsoft Visual Studio 10.0\VC\bin\x86_amd64"  -I"C:\Program Files\MPICH2\include" -I"C:\Program Files\NVIDIA GPU Computing Toolkit\CUDA\v5.5\include" -I"C:\Program Files\NVIDIA GPU Computing Toolkit\CUDA\v5.5\include"  -G   --keep-dir x64\Debug -maxrregcount=0  --machine 64 --compile  -g   -DWIN64 -D_DEBUG -D_CONSOLE -D_MBCS -Xcompiler "/EHsc /W3 /nologo /Od /Zi /RTC1 /MDd  " -o x64\Debug\kernel.cu.obj "D:\MPI_CUDA_OPENMP\MPI_CUDA_OPENMP\kernel.cu"
         
         D:\MPI_CUDA_OPENMP\MPI_CUDA_OPENMP>"C:\Program Files\NVIDIA GPU Computing Toolkit\CUDA\v5.5\bin\nvcc.exe" -gencode=arch=compute_10,code=\"sm_10,compute_10\" --use-local-env --cl-version 2010 -ccbin "C:\Program Files (x86)\Microsoft Visual Studio 10.0\VC\bin\x86_amd64"  -I"C:\Program Files\MPICH2\include" -I"C:\Program Files\NVIDIA GPU Computing Toolkit\CUDA\v5.5\include" -I"C:\Program Files\NVIDIA GPU Computing Toolkit\CUDA\v5.5\include"  -G   --keep-dir x64\Debug -maxrregcount=0  --machine 64 --compile  -g   -DWIN64 -D_DEBUG -D_CONSOLE -D_MBCS -Xcompiler "/EHsc /W3 /nologo /Od /Zi /RTC1 /MDd  " -o x64\Debug\kernel.cu.obj "D:\MPI_CUDA_OPENMP\MPI_CUDA_OPENMP\kernel.cu" 
       ClCompile:
         C:\Program Files (x86)\Microsoft Visual Studio 10.0\VC\bin\x86_amd64\CL.exe /c /I"C:\Program Files\MPICH2\include" /I"C:\Program Files\NVIDIA GPU Computing Toolkit\CUDA\v5.5\include" /Zi /nologo /W3 /WX- /Od /D WIN64 /D _DEBUG /D _CONSOLE /D _MBCS /Gm /EHsc /RTC1 /MDd /GS /fp:precise /Zc:wchar_t /Zc:forScope /openmp /Fo"x64\Debug\\" /Fd"x64\Debug\vc100.pdb" /Gd /TP /errorReport:prompt main.cpp
         main.cpp
     1>main.cpp(19): warning C4101: 'send' : unreferenced local variable
     1>main.cpp(18): warning C4101: 'index' : unreferenced local variable
     1>main.cpp(17): warning C4101: 'numOfSlaves' : unreferenced local variable
     1>main.cpp(17): warning C4101: 'slaveNum' : unreferenced local variable
     1>main.cpp(267): warning C4244: 'argument' : conversion from 'time_t' to 'unsigned int', possible loss of data
     1>main.cpp(384): warning C4996: 'fopen': This function or variable may be unsafe. Consider using fopen_s instead. To disable deprecation, use _CRT_SECURE_NO_WARNINGS. See online help for details.
                 C:\Program Files (x86)\Microsoft Visual Studio 10.0\VC\include\stdio.h(234) : see declaration of 'fopen'
     1>main.cpp(394): warning C4996: 'fscanf': This function or variable may be unsafe. Consider using fscanf_s instead. To disable deprecation, use _CRT_SECURE_NO_WARNINGS. See online help for details.
                 C:\Program Files (x86)\Microsoft Visual Studio 10.0\VC\include\stdio.h(253) : see declaration of 'fscanf'
     1>main.cpp(404): warning C4996: 'fopen': This function or variable may be unsafe. Consider using fopen_s instead. To disable deprecation, use _CRT_SECURE_NO_WARNINGS. See online help for details.
                 C:\Program Files (x86)\Microsoft Visual Studio 10.0\VC\include\stdio.h(234) : see declaration of 'fopen'
     1>main.cpp(416): warning C4996: 'fscanf': This function or variable may be unsafe. Consider using fscanf_s instead. To disable deprecation, use _CRT_SECURE_NO_WARNINGS. See online help for details.
                 C:\Program Files (x86)\Microsoft Visual Studio 10.0\VC\include\stdio.h(253) : see declaration of 'fscanf'
     1>main.cpp(427): warning C4996: 'fopen': This function or variable may be unsafe. Consider using fopen_s instead. To disable deprecation, use _CRT_SECURE_NO_WARNINGS. See online help for details.
                 C:\Program Files (x86)\Microsoft Visual Studio 10.0\VC\include\stdio.h(234) : see declaration of 'fopen'
     1>main.cpp(439): warning C4996: 'fscanf': This function or variable may be unsafe. Consider using fscanf_s instead. To disable deprecation, use _CRT_SECURE_NO_WARNINGS. See online help for details.
                 C:\Program Files (x86)\Microsoft Visual Studio 10.0\VC\include\stdio.h(253) : see declaration of 'fscanf'
     1>main.cpp(451): warning C4996: 'fopen': This function or variable may be unsafe. Consider using fopen_s instead. To disable deprecation, use _CRT_SECURE_NO_WARNINGS. See online help for details.
                 C:\Program Files (x86)\Microsoft Visual Studio 10.0\VC\include\stdio.h(234) : see declaration of 'fopen'
       ManifestResourceCompile:
         C:\Program Files (x86)\Microsoft SDKs\Windows\v7.0A\bin\rc.exe /nologo /fo"x64\Debug\MPI_CUDA_OPENMP.exe.embed.manifest.res" x64\Debug\MPI_CUDA_OPENMP_manifest.rc 
       Link:
         C:\Program Files (x86)\Microsoft Visual Studio 10.0\VC\bin\x86_amd64\link.exe /ERRORREPORT:PROMPT /OUT:"D:\MPI_CUDA_OPENMP\x64\Debug\MPI_CUDA_OPENMP.exe" /INCREMENTAL /NOLOGO /LIBPATH:"C:\Program Files\MPICH2\lib" /LIBPATH:"C:\Program Files\NVIDIA GPU Computing Toolkit\CUDA\v5.5\lib\x64" mpi.lib cudart.lib kernel32.lib user32.lib gdi32.lib winspool.lib comdlg32.lib advapi32.lib shell32.lib ole32.lib oleaut32.lib uuid.lib odbc32.lib odbccp32.lib kernel32.lib user32.lib gdi32.lib winspool.lib comdlg32.lib advapi32.lib shell32.lib ole32.lib oleaut32.lib uuid.lib odbc32.lib odbccp32.lib /MANIFEST /ManifestFile:"x64\Debug\MPI_CUDA_OPENMP.exe.intermediate.manifest" /MANIFESTUAC:"level='asInvoker' uiAccess='false'" /DEBUG /PDB:"D:\MPI_CUDA_OPENMP\x64\Debug\MPI_CUDA_OPENMP.pdb" /SUBSYSTEM:CONSOLE /TLBID:1 /DYNAMICBASE /NXCOMPAT /IMPLIB:"D:\MPI_CUDA_OPENMP\x64\Debug\MPI_CUDA_OPENMP.lib" /MACHINE:X64 x64\Debug\kernel.cu.obj
         x64\Debug\MPI_CUDA_OPENMP.exe.embed.manifest.res
         x64\Debug\main.obj
         MPI_CUDA_OPENMP.vcxproj -> D:\MPI_CUDA_OPENMP\x64\Debug\MPI_CUDA_OPENMP.exe
       Manifest:
         Deleting file "x64\Debug\MPI_CUDA_OPENMP.exe.embed.manifest".
         C:\Program Files (x86)\Microsoft SDKs\Windows\v7.0A\bin\mt.exe /nologo /verbose /out:"x64\Debug\MPI_CUDA_OPENMP.exe.embed.manifest" /manifest x64\Debug\MPI_CUDA_OPENMP.exe.intermediate.manifest
         C:\Program Files (x86)\Microsoft SDKs\Windows\v7.0A\bin\rc.exe /nologo /fo"x64\Debug\MPI_CUDA_OPENMP.exe.embed.manifest.res" x64\Debug\MPI_CUDA_OPENMP_manifest.rc 
       LinkEmbedManifest:
         C:\Program Files (x86)\Microsoft Visual Studio 10.0\VC\bin\x86_amd64\link.exe /ERRORREPORT:PROMPT /OUT:"D:\MPI_CUDA_OPENMP\x64\Debug\MPI_CUDA_OPENMP.exe" /INCREMENTAL /NOLOGO /LIBPATH:"C:\Program Files\MPICH2\lib" /LIBPATH:"C:\Program Files\NVIDIA GPU Computing Toolkit\CUDA\v5.5\lib\x64" mpi.lib cudart.lib kernel32.lib user32.lib gdi32.lib winspool.lib comdlg32.lib advapi32.lib shell32.lib ole32.lib oleaut32.lib uuid.lib odbc32.lib odbccp32.lib kernel32.lib user32.lib gdi32.lib winspool.lib comdlg32.lib advapi32.lib shell32.lib ole32.lib oleaut32.lib uuid.lib odbc32.lib odbccp32.lib /MANIFEST /ManifestFile:"x64\Debug\MPI_CUDA_OPENMP.exe.intermediate.manifest" /MANIFESTUAC:"level='asInvoker' uiAccess='false'" /DEBUG /PDB:"D:\MPI_CUDA_OPENMP\x64\Debug\MPI_CUDA_OPENMP.pdb" /SUBSYSTEM:CONSOLE /TLBID:1 /DYNAMICBASE /NXCOMPAT /IMPLIB:"D:\MPI_CUDA_OPENMP\x64\Debug\MPI_CUDA_OPENMP.lib" /MACHINE:X64 x64\Debug\kernel.cu.obj
         x64\Debug\MPI_CUDA_OPENMP.exe.embed.manifest.res
         x64\Debug\main.obj
         MPI_CUDA_OPENMP.vcxproj -> D:\MPI_CUDA_OPENMP\x64\Debug\MPI_CUDA_OPENMP.exe
       PostBuildEvent:
         echo copy "C:\Program Files\NVIDIA GPU Computing Toolkit\CUDA\v5.5\bin\cudart*.dll" "D:\MPI_CUDA_OPENMP\x64\Debug\"
         copy "C:\Program Files\NVIDIA GPU Computing Toolkit\CUDA\v5.5\bin\cudart*.dll" "D:\MPI_CUDA_OPENMP\x64\Debug\"
         :VCEnd
         copy "C:\Program Files\NVIDIA GPU Computing Toolkit\CUDA\v5.5\bin\cudart*.dll" "D:\MPI_CUDA_OPENMP\x64\Debug\"
         C:\Program Files\NVIDIA GPU Computing Toolkit\CUDA\v5.5\bin\cudart32_55.dll
         C:\Program Files\NVIDIA GPU Computing Toolkit\CUDA\v5.5\bin\cudart64_55.dll
                 2 file(s) copied.
       FinalizeBuildStatus:
         Deleting file "x64\Debug\MPI_CUDA_OPENMP.unsuccessfulbuild".
         Touching "x64\Debug\MPI_CUDA_OPENMP.lastbuildstate".
     1>Done Building Project "D:\MPI_CUDA_OPENMP\MPI_CUDA_OPENMP\MPI_CUDA_OPENMP.vcxproj" (rebuild target(s)).

Build succeeded.

Time Elapsed 00:00:04.97
